<?xml version="1.0" encoding="UTF-8"?>
<coverage generated="1720520212321" clover="3.2.0">
  <project timestamp="1720520212321" name="All files">
    <metrics statements="13" coveredstatements="10" conditionals="8" coveredconditionals="5" methods="3" coveredmethods="3" elements="24" coveredelements="18" complexity="0" loc="13" ncloc="13" packages="1" files="2" classes="2"/>
    <file name="calculate.js" path="/Users/hackwrench/ajs-homeworks/Unit-tests/src/calculate.js">
      <metrics statements="5" coveredstatements="5" conditionals="2" coveredconditionals="2" methods="2" coveredmethods="2"/>
      <line num="2" count="2" type="stmt"/>
      <line num="4" count="4" type="stmt"/>
      <line num="7" count="2" type="cond" truecount="2" falsecount="0"/>
      <line num="8" count="1" type="stmt"/>
      <line num="10" count="1" type="stmt"/>
    </file>
    <file name="cashback.js" path="/Users/hackwrench/ajs-homeworks/Unit-tests/src/cashback.js">
      <metrics statements="8" coveredstatements="5" conditionals="6" coveredconditionals="3" methods="1" coveredmethods="1"/>
      <line num="1" count="1" type="stmt"/>
      <line num="17" count="1" type="cond" truecount="1" falsecount="1"/>
      <line num="18" count="0" type="stmt"/>
      <line num="20" count="1" type="cond" truecount="1" falsecount="1"/>
      <line num="21" count="0" type="stmt"/>
      <line num="23" count="1" type="cond" truecount="1" falsecount="1"/>
      <line num="24" count="0" type="stmt"/>
      <line num="26" count="1" type="stmt"/>
    </file>
  </project>
</coverage>
